********************************************************************************
DUPLICATOR-LITE PACKAGE-LOG: 31 July 2018 12 h 11 min
NOTICE: Do NOT post to public sites or forums 
********************************************************************************
VERSION:	1.2.40
WORDPRESS:	4.9.7
PHP INFO:	7.2.7 | SAPI: apache2handler
SERVER:		Apache/2.4.33 (Win32) OpenSSL/1.1.0h PHP/7.2.7 
PHP TIME LIMIT: (0) no time limit imposed 
PHP MAX MEMORY: 2048M (128M default) 
MEMORY STACK: 14MB 

********************************************************************************
DATABASE:
********************************************************************************
BUILD MODE:   MYSQLDUMP
MYSQLTIMEOUT: 5000
MYSQLDUMP:    Is Supported 
FILTERED: [] 
RESPONSE: Ran from C:/xampp/mysql/bin/mysqldump.exe 
TABLES: total:13 | filtered:0 | create:13 
SQL CREATED: 20180731_reparationdecrandeportable_e23edf51809b92c09582180731121058_database.sql 
SQL FILE SIZE: 150.19KB (153792) 
SQL FILE TIME: 2018-07-31 12:11:04 
SQL RUNTIME: 0.45 sec. 

******************************************************************************** 
ARCHIVE (ZIP): 
******************************************************************************** 
ARCHIVE DIR:  C:/xampp/htdocs/01_wordpress 
ARCHIVE FILE: 20180731_reparationdecrandeportable_e23edf51809b92c09582180731121058_archive.zip 
FILTERS: *OFF* 
DIRS:
	not set 
FILES:
	not set 
EXTS:  not set 
---------------------------------------- 
COMPRESSING 
SIZE:	30.32MB 
STATS:	Dirs 178 | Files 1,655 
SQL ADDED: 20180731_reparationdecrandeportable_e23edf51809b92c09582180731121058_database.sql 
ZipArchive Object
(
    [status] => 0
    [statusSys] => 0
    [numFiles] => 1833
    [filename] => C:\xampp\htdocs\01_wordpress\wp-snapshots\tmp\20180731_reparationdecrandeportable_e23edf51809b92c09582180731121058_archive.zip
    [comment] => 
)
 
COMPRESSION RESULT: '1' 
COMPRESSED SIZE: 10.62MB 
ARCHIVE RUNTIME: 3.54 sec. 
MEMORY STACK: 14MB 

******************************************************************************** 
MAKE INSTALLER: 
******************************************************************************** 
Build Start 
Build Finished 
Preping for use 
PACK SIZE:  
Template parsed with new data 
Complete [C:/xampp/htdocs/01_wordpress/wp-snapshots/tmp/20180731_reparationdecrandeportable_e23edf51809b92c09582180731121058_installer.php] 
Added to archive 

******************************************************************************** 
INTEGRITY CHECKS: 
******************************************************************************** 
SQL File: 150.19KB 
Installer File: 445.94KB 
Archive File: 10.62MB  

********************************************************************************
RECORD ID:[1]
TOTAL PROCESS RUNTIME: 10.05 sec.
PEAK PHP MEMORY USED: 16MB
DONE PROCESSING => 20180731_reparationdecrandeportable 31 July 2018 12 h 11 min
 
